Using pre-set license
Built from '2020.3/release' branch; Version is '2020.3.1f1 (77a89f25062f) revision 7841951'; Using compiler version '192528614'; Build Type 'Release'
OS: 'Windows 10 Home; OS build 19043.1348; Version 2009; 64bit' Language: 'en' Physical Memory: 16332 MB
BatchMode: 1, IsHumanControllingUs: 0, StartBugReporterOnCrash: 0, Is64bit: 1, IsPro: 0

 COMMAND LINE ARGUMENTS:
C:\Program Files\Unity\Hub\Editor\2020.3.1f1\Editor\Unity.exe
-adb2
-batchMode
-noUpm
-name
AssetImportWorker0
-projectPath
C:/Users/Public/Documents/Unity Projects/VR Shooting Gallery
-logFile
Logs/AssetImportWorker0.log
-srvPort
63016
Successfully changed project path to: C:/Users/Public/Documents/Unity Projects/VR Shooting Gallery
C:/Users/Public/Documents/Unity Projects/VR Shooting Gallery
Using Asset Import Pipeline V2.
Refreshing native plugins compatible for Editor in 76.98 ms, found 8 plugins.
Preloading 1 native plugins for Editor in 0.90 ms.
Initialize engine version: 2020.3.1f1 (77a89f25062f)
[Subsystems] Discovering subsystems at path C:/Program Files/Unity/Hub/Editor/2020.3.1f1/Editor/Data/Resources/UnitySubsystems
[Subsystems] Discovering subsystems at path C:/Users/Public/Documents/Unity Projects/VR Shooting Gallery/Assets
GfxDevice: creating device client; threaded=0
Direct3D:
    Version:  Direct3D 11.0 [level 11.1]
    Renderer: Radeon RX 580 Series (ID=0x67df)
    Vendor:   
    VRAM:     8171 MB
    Driver:   27.20.22025.1006
Shader 'Universal Render Pipeline/Particles/Lit': fallback shader 'Universal Render Pipeline/Particles/SimpleLit' not found
Initialize mono
Mono path[0] = 'C:/Program Files/Unity/Hub/Editor/2020.3.1f1/Editor/Data/Managed'
Mono path[1] = 'C:/Program Files/Unity/Hub/Editor/2020.3.1f1/Editor/Data/MonoBleedingEdge/lib/mono/unityjit'
Mono config path = 'C:/Program Files/Unity/Hub/Editor/2020.3.1f1/Editor/Data/MonoBleedingEdge/etc'
Using monoOptions --debugger-agent=transport=dt_socket,embedding=1,server=y,suspend=n,address=127.0.0.1:56288
Begin MonoManager ReloadAssembly
Registering precompiled unity dll's ...
Register platform support module: C:/Program Files/Unity/Hub/Editor/2020.3.1f1/Editor/Data/PlaybackEngines/WebGLSupport/UnityEditor.WebGL.Extensions.dll
Register platform support module: C:/Program Files/Unity/Hub/Editor/2020.3.1f1/Editor/Data/PlaybackEngines/MacStandaloneSupport/UnityEditor.OSXStandalone.Extensions.dll
Register platform support module: C:/Program Files/Unity/Hub/Editor/2020.3.1f1/Editor/Data/PlaybackEngines/WindowsStandaloneSupport/UnityEditor.WindowsStandalone.Extensions.dll
Register platform support module: C:/Program Files/Unity/Hub/Editor/2020.3.1f1/Editor/Data/PlaybackEngines/LinuxStandaloneSupport/UnityEditor.LinuxStandalone.Extensions.dll
Register platform support module: C:/Program Files/Unity/Hub/Editor/2020.3.1f1/Editor/Data/PlaybackEngines/LuminSupport/UnityEditor.Lumin.Extensions.dll
Registered in 0.004243 seconds.
Native extension for Lumin target not found
Native extension for LinuxStandalone target not found
Native extension for WindowsStandalone target not found
Native extension for OSXStandalone target not found
Native extension for WebGL target not found
Refreshing native plugins compatible for Editor in 66.03 ms, found 8 plugins.
Preloading 1 native plugins for Editor in 0.15 ms.
Invoked RoslynAnalysisRunner static constructor.
RoslynAnalysisRunner will not be running.
RoslynAnalysisRunner has terminated.
Mono: successfully reloaded assembly
- Completed reload, in  2.353 seconds
Platform modules already initialized, skipping
Registering precompiled user dll's ...
Registered in 0.005887 seconds.
Begin MonoManager ReloadAssembly
Native extension for Lumin target not found
Native extension for LinuxStandalone target not found
Native extension for WindowsStandalone target not found
Native extension for OSXStandalone target not found
Native extension for WebGL target not found
Refreshing native plugins compatible for Editor in 69.31 ms, found 8 plugins.
Preloading 1 native plugins for Editor in 0.14 ms.
Invoked RoslynAnalysisRunner static constructor.
RoslynAnalysisRunner will not be running.
RoslynAnalysisRunner has terminated.
[XR] OculusXRPlugin: registering subsystems
[XR] Unable to register display lifecyle provider: [1]
[XR] Oculus Input lifecycle provider registered.
[XR] Unable to register input lifecyle provider: [1]
NullReferenceException: Object reference not set to an instance of an object
  at Unity.XR.Oculus.OculusLoader.AssetPathToAbsolutePath (System.String assetPath) [0x00048] in C:\Users\Public\Documents\Unity Projects\VR Shooting Gallery\Library\PackageCache\com.unity.xr.oculus@1.8.1\Runtime\OculusLoader.cs:243 
  at Unity.XR.Oculus.OculusLoader.EditorLoadOVRPlugin () [0x0007b] in C:\Users\Public\Documents\Unity Projects\VR Shooting Gallery\Library\PackageCache\com.unity.xr.oculus@1.8.1\Runtime\OculusLoader.cs:228 

(Filename: Library/PackageCache/com.unity.xr.oculus@1.8.1/Runtime/OculusLoader.cs Line: 243)

Mono: successfully reloaded assembly
- Completed reload, in  1.320 seconds
Platform modules already initialized, skipping
========================================================================
Worker process is ready to serve import requests
Shader 'Universal Render Pipeline/Particles/Lit': fallback shader 'Universal Render Pipeline/Particles/SimpleLit' not found
Launched and connected shader compiler UnityShaderCompiler.exe after 0.05 seconds
Refreshing native plugins compatible for Editor in 0.85 ms, found 8 plugins.
Preloading 1 native plugins for Editor in 0.09 ms.
Unloading 3137 Unused Serialized files (Serialized files now loaded: 0)
System memory in use before: 143.0 MB.
System memory in use after: 143.1 MB.

Unloading 26 unused Assets to reduce memory usage. Loaded Objects now: 3577.
Total: 3.583900 ms (FindLiveObjects: 0.444800 ms CreateObjectMapping: 0.356400 ms MarkObjects: 2.697900 ms  DeleteObjects: 0.083500 ms)

========================================================================
Received Import Request.
  path: Assets/ShootingGame.cs
  artifactKey: Guid(955c8d76946e45640a9ed8e6c7c275f7) Importer(815301076,1909f56bfc062723c751e8b465ee728b)
Start importing Assets/ShootingGame.cs using Guid(955c8d76946e45640a9ed8e6c7c275f7) Importer(815301076,1909f56bfc062723c751e8b465ee728b)  -> (artifact id: '3b64405fd3fe0ff0f2c1b04021ffb9a7') in 0.050199 seconds
  Import took 0.057961 seconds .

========================================================================
Received Import Request.
  Time since last request: 31.303564 seconds.
  path: Assets/SetScoreText.cs
  artifactKey: Guid(c3b0a0a7ce54876478404595989d595d) Importer(815301076,1909f56bfc062723c751e8b465ee728b)
Start importing Assets/SetScoreText.cs using Guid(c3b0a0a7ce54876478404595989d595d) Importer(815301076,1909f56bfc062723c751e8b465ee728b)  -> (artifact id: '03bac2fe4f440c453d2e6315814fa537') in 0.011131 seconds
  Import took 0.019124 seconds .

========================================================================
Received Import Request.
  Time since last request: 87.537384 seconds.
  path: Assets/MoveTowards.cs
  artifactKey: Guid(92922dd5909db5945ba5b4ab0e2ecef9) Importer(815301076,1909f56bfc062723c751e8b465ee728b)
Start importing Assets/MoveTowards.cs using Guid(92922dd5909db5945ba5b4ab0e2ecef9) Importer(815301076,1909f56bfc062723c751e8b465ee728b)  -> (artifact id: '20d6e18416bc28b5239f5f88b6bea7b2') in 0.011581 seconds
  Import took 0.021557 seconds .

AssetImportWorkerClient::OnTransportError - code=2 error=End of file
